[dotenv@17.2.4] injecting env (16) from .env -- tip: 🔐 encrypt with Dotenvx: https://dotenvx.com
API server running on http://localhost:4000
[training] applied daily plans: 0
[drift] player 6575 overallCurrent 51 -> 58
[drift] player 6576 overallCurrent 58 -> 82
[drift] player 6580 overallCurrent 57 -> 83
[drift] player 6581 overallCurrent 58 -> 84
[drift] player 6584 overallCurrent 51 -> 53
[drift] player 6587 overallCurrent 60 -> 96
[drift] player 6590 overallCurrent 57 -> 83
[drift] player 6594 overallCurrent 57 -> 68
[drift] player 6596 overallCurrent 64 -> 68
[drift] player 6599 overallCurrent 46 -> 53
[drift] player 6600 overallCurrent 60 -> 66
[drift] player 6602 overallCurrent 60 -> 73
[drift] player 6605 overallCurrent 52 -> 56
[drift] player 6609 overallCurrent 44 -> 53
[drift] player 6620 overallCurrent 42 -> 52
[drift] player 6629 overallCurrent 57 -> 98
[drift] player 6630 overallCurrent 44 -> 51
[drift] player 6632 overallCurrent 46 -> 53
[drift] player 6633 overallCurrent 57 -> 95
[drift] player 6634 overallCurrent 58 -> 72
[drift] player 6638 overallCurrent 60 -> 67
[drift] player 6641 overallCurrent 49 -> 52
[drift] player 6642 overallCurrent 58 -> 92
[drift] player 6645 overallCurrent 63 -> 98
[drift] player 6646 overallCurrent 49 -> 53
[drift] player 6651 overallCurrent 60 -> 66
[drift] player 6653 overallCurrent 49 -> 53
[drift] player 6655 overallCurrent 45 -> 53
[drift] player 6657 overallCurrent 58 -> 78
[drift] player 6659 overallCurrent 57 -> 64
[drift] player 6661 overallCurrent 56 -> 59
[drift] player 6672 overallCurrent 47 -> 53
[drift] player 6673 overallCurrent 58 -> 90
[drift] player 6676 overallCurrent 46 -> 51
[drift] player 6677 overallCurrent 48 -> 53
[drift] player 6686 overallCurrent 62 -> 67
[drift] player 6687 overallCurrent 62 -> 92
[drift] player 6689 overallCurrent 61 -> 66
[drift] player 6697 overallCurrent 57 -> 70
[drift] player 6703 overallCurrent 60 -> 87
[drift] player 6709 overallCurrent 46 -> 51
[drift] player 6711 overallCurrent 58 -> 83
[drift] player 6712 overallCurrent 57 -> 97
[drift] player 6717 overallCurrent 60 -> 89
[drift] player 6719 overallCurrent 45 -> 53
[drift] player 6730 overallCurrent 45 -> 52
[drift] player 6733 overallCurrent 57 -> 91
[drift] player 6744 overallCurrent 57 -> 63
[drift] player 6747 overallCurrent 61 -> 99
[drift] player 6748 overallCurrent 57 -> 86
[drift] player 6749 overallCurrent 58 -> 82
[drift] player 6750 overallCurrent 49 -> 54
[drift] player 6754 overallCurrent 58 -> 68
[drift] player 6757 overallCurrent 60 -> 79
[drift] player 6760 overallCurrent 46 -> 51
[drift] player 6763 overallCurrent 59 -> 73
[drift] player 6764 overallCurrent 61 -> 99
[drift] player 6768 overallCurrent 49 -> 53
[drift] player 6772 overallCurrent 60 -> 71
[drift] player 6773 overallCurrent 57 -> 75
[drift] player 6774 overallCurrent 57 -> 86
[drift] player 6782 overallCurrent 58 -> 64
[drift] player 6785 overallCurrent 48 -> 52
[drift] player 6786 overallCurrent 58 -> 71
[drift] player 6791 overallCurrent 47 -> 52
[drift] player 6793 overallCurrent 58 -> 62
[drift] player 6798 overallCurrent 44 -> 51
[drift] player 6799 overallCurrent 58 -> 90
[drift] player 6801 overallCurrent 47 -> 52
[drift] player 6803 overallCurrent 57 -> 93
[drift] player 6809 overallCurrent 58 -> 85
[drift] player 6819 overallCurrent 58 -> 74
[drift] player 6821 overallCurrent 67 -> 66
[drift] player 6822 overallCurrent 58 -> 64
[drift] player 6826 overallCurrent 58 -> 65
[drift] player 6829 overallCurrent 45 -> 53
[drift] player 6833 overallCurrent 57 -> 69
[drift] player 6837 overallCurrent 49 -> 52
[drift] player 6840 overallCurrent 60 -> 72
[drift] player 6846 overallCurrent 60 -> 95
[drift] player 6849 overallCurrent 50 -> 54
[drift] player 6854 overallCurrent 44 -> 51
[drift] player 6855 overallCurrent 46 -> 51
[drift] player 6857 overallCurrent 48 -> 52
[drift] player 6858 overallCurrent 43 -> 50
[drift] player 6869 overallCurrent 57 -> 94
[drift] player 6877 overallCurrent 48 -> 52
[drift] player 6878 overallCurrent 52 -> 54
[drift] player 6885 overallCurrent 58 -> 65
[drift] player 6886 overallCurrent 57 -> 67
[drift] player 6888 overallCurrent 62 -> 84
[drift] player 6891 overallCurrent 58 -> 61
[drift] player 6892 overallCurrent 60 -> 66
[drift] player 6908 overallCurrent 50 -> 63
[drift] player 6915 overallCurrent 48 -> 52
[drift] player 6919 overallCurrent 57 -> 92
[drift] player 6920 overallCurrent 47 -> 51
[drift] player 6924 overallCurrent 57 -> 83
[drift] player 6929 overallCurrent 50 -> 54
[drift] player 6934 overallCurrent 52 -> 54
[drift] player 6944 overallCurrent 51 -> 53
[drift] player 6945 overallCurrent 60 -> 75
[drift] player 6947 overallCurrent 58 -> 77
[drift] player 6952 overallCurrent 57 -> 65
[drift] player 6960 overallCurrent 58 -> 65
[drift] player 6962 overallCurrent 58 -> 75
[drift] player 6965 overallCurrent 58 -> 81
[drift] player 7275 overallCurrent 60 -> 78
[drift] player 7276 overallCurrent 64 -> 71
[drift] player 7277 overallCurrent 47 -> 52
[drift] player 7285 overallCurrent 56 -> 60
[drift] player 7287 overallCurrent 48 -> 52
[drift] player 7294 overallCurrent 62 -> 99
[drift] player 7296 overallCurrent 50 -> 52
[drift] player 7302 overallCurrent 43 -> 52
[drift] player 7307 overallCurrent 61 -> 99
[drift] player 7310 overallCurrent 60 -> 64
[drift] player 7312 overallCurrent 44 -> 51
[drift] player 7323 overallCurrent 57 -> 79
[drift] player 7328 overallCurrent 50 -> 53
[drift] player 7330 overallCurrent 46 -> 51
[drift] player 7332 overallCurrent 60 -> 81
[drift] player 7339 overallCurrent 44 -> 52
[drift] player 7343 overallCurrent 48 -> 52
[drift] player 7345 overallCurrent 58 -> 63
[drift] player 7347 overallCurrent 57 -> 88
[drift] player 7349 overallCurrent 58 -> 61
[drift] player 7351 overallCurrent 48 -> 54
[drift] player 7352 overallCurrent 60 -> 92
[drift] player 7355 overallCurrent 49 -> 52
[drift] player 7359 overallCurrent 57 -> 91
[drift] player 7369 overallCurrent 60 -> 78
[drift] player 7371 overallCurrent 58 -> 62
[drift] player 7373 overallCurrent 51 -> 55
[drift] player 7374 overallCurrent 44 -> 51
[drift] player 7375 overallCurrent 79 -> 81
[drift] player 7376 overallCurrent 70 -> 91
[drift] player 7377 overallCurrent 77 -> 68
[drift] player 7378 overallCurrent 54 -> 58
[drift] player 7379 overallCurrent 43 -> 51
[drift] player 7380 overallCurrent 46 -> 51
[drift] player 7381 overallCurrent 86 -> 99
[drift] player 7382 overallCurrent 47 -> 53
[drift] player 7383 overallCurrent 75 -> 68
[drift] player 7384 overallCurrent 87 -> 81
[drift] player 7385 overallCurrent 85 -> 73
[drift] player 7386 overallCurrent 71 -> 99
[drift] player 7387 overallCurrent 76 -> 73
[drift] player 7388 overallCurrent 88 -> 99
[drift] player 7389 overallCurrent 42 -> 52
[drift] player 7390 overallCurrent 72 -> 84
[drift] player 7392 overallCurrent 47 -> 51
[drift] player 7393 overallCurrent 46 -> 53
[drift] player 7394 overallCurrent 72 -> 68
[drift] player 7395 overallCurrent 57 -> 59
[drift] player 7396 overallCurrent 72 -> 85
[drift] player 7397 overallCurrent 47 -> 54
[drift] player 7398 overallCurrent 47 -> 53
[drift] player 7399 overallCurrent 51 -> 54
[drift] player 7400 overallCurrent 48 -> 52
[drift] player 7401 overallCurrent 56 -> 58
[drift] player 7402 overallCurrent 73 -> 68
[drift] player 7403 overallCurrent 42 -> 50
[drift] player 7404 overallCurrent 45 -> 53
[drift] player 7405 overallCurrent 43 -> 53
[drift] player 7406 overallCurrent 43 -> 51
[drift] player 7407 overallCurrent 69 -> 86
[drift] player 7408 overallCurrent 45 -> 52
[drift] player 7409 overallCurrent 60 -> 84
[drift] player 7410 overallCurrent 55 -> 59
[drift] player 7411 overallCurrent 46 -> 52
[drift] player 7412 overallCurrent 49 -> 54
[drift] player 7413 overallCurrent 45 -> 52
[drift] player 7414 overallCurrent 71 -> 69
[drift] player 7415 overallCurrent 57 -> 62
[drift] player 7416 overallCurrent 70 -> 81
[drift] player 7417 overallCurrent 45 -> 51
[drift] player 7418 overallCurrent 72 -> 81
[drift] player 7419 overallCurrent 49 -> 51
[drift] player 7420 overallCurrent 49 -> 53
[drift] player 7421 overallCurrent 72 -> 68
[drift] player 7422 overallCurrent 46 -> 53
[drift] player 7423 overallCurrent 89 -> 72
[drift] player 7424 overallCurrent 60 -> 66
[drift] player 7425 overallCurrent 46 -> 51
[drift] player 7426 overallCurrent 82 -> 85
[drift] player 7427 overallCurrent 51 -> 55
[drift] player 7428 overallCurrent 46 -> 52
[drift] player 7429 overallCurrent 60 -> 67
[drift] player 7430 overallCurrent 42 -> 51
[drift] player 7431 overallCurrent 50 -> 54
[drift] player 7432 overallCurrent 48 -> 53
[drift] player 7433 overallCurrent 70 -> 81
[drift] player 7434 overallCurrent 50 -> 64
[drift] player 7435 overallCurrent 65 -> 66
[drift] player 7436 overallCurrent 91 -> 97
[drift] player 7437 overallCurrent 43 -> 50
[drift] player 7438 overallCurrent 69 -> 68
[drift] player 7439 overallCurrent 47 -> 51
[drift] player 7440 overallCurrent 44 -> 52
[drift] player 7441 overallCurrent 75 -> 68
[drift] player 7442 overallCurrent 44 -> 50
[drift] player 7443 overallCurrent 85 -> 77
[drift] player 7444 overallCurrent 49 -> 54
[drift] player 7445 overallCurrent 47 -> 54
[drift] player 7446 overallCurrent 64 -> 67
[drift] player 7447 overallCurrent 66 -> 68
[drift] player 7448 overallCurrent 51 -> 64
[drift] player 7449 overallCurrent 94 -> 99
[drift] player 7450 overallCurrent 52 -> 55
[drift] player 7451 overallCurrent 74 -> 83
[drift] player 7452 overallCurrent 49 -> 55
[drift] player 7453 overallCurrent 90 -> 80
[drift] player 7454 overallCurrent 85 -> 75
[drift] player 7455 overallCurrent 52 -> 55
[drift] player 7456 overallCurrent 58 -> 63
[drift] player 7457 overallCurrent 89 -> 99
[drift] player 7458 overallCurrent 45 -> 51
[drift] player 7459 overallCurrent 63 -> 67
[drift] player 7460 overallCurrent 50 -> 63
[drift] player 7461 overallCurrent 50 -> 63
[drift] player 7462 overallCurrent 50 -> 64
[drift] player 7463 overallCurrent 53 -> 58
[drift] player 7464 overallCurrent 51 -> 53
[drift] player 7465 overallCurrent 75 -> 78
[drift] player 7466 overallCurrent 42 -> 51
[drift] player 7467 overallCurrent 69 -> 65
[drift] player 7468 overallCurrent 49 -> 54
[drift] player 7469 overallCurrent 48 -> 53
[drift] player 7470 overallCurrent 52 -> 56
[drift] player 7471 overallCurrent 50 -> 52
[drift] player 7472 overallCurrent 66 -> 68
[drift] player 7473 overallCurrent 53 -> 55
[drift] player 7474 overallCurrent 82 -> 80
[drift] player 7475 overallCurrent 73 -> 67
[drift] player 7476 overallCurrent 86 -> 83
[drift] player 7477 overallCurrent 47 -> 51
[drift] player 7478 overallCurrent 90 -> 86
[drift] player 7479 overallCurrent 70 -> 68
[drift] player 7480 overallCurrent 46 -> 53
[drift] player 7481 overallCurrent 50 -> 54
[drift] player 7482 overallCurrent 61 -> 78
[drift] player 7483 overallCurrent 59 -> 64
[drift] player 7484 overallCurrent 49 -> 52
[drift] player 7485 overallCurrent 51 -> 54
[drift] player 7486 overallCurrent 68 -> 81
[drift] player 7487 overallCurrent 54 -> 60
[drift] player 7488 overallCurrent 58 -> 62
[drift] player 7489 overallCurrent 76 -> 68
[drift] player 7490 overallCurrent 47 -> 52
[drift] player 7491 overallCurrent 46 -> 53
[drift] player 7492 overallCurrent 50 -> 52
[drift] player 7493 overallCurrent 45 -> 53
[drift] player 7494 overallCurrent 66 -> 79
[drift] player 7495 overallCurrent 42 -> 52
[drift] player 7496 overallCurrent 57 -> 58
[drift] player 7497 overallCurrent 42 -> 51
[drift] player 7498 overallCurrent 48 -> 54
[drift] player 7499 overallCurrent 50 -> 63
[drift] player 7502 overallCurrent 54 -> 65
[drift] player 7503 overallCurrent 92 -> 98
[drift] player 7504 overallCurrent 56 -> 65
[drift] player 7505 overallCurrent 45 -> 52
[drift] player 7506 overallCurrent 57 -> 62
[drift] player 7507 overallCurrent 45 -> 52
[drift] player 7508 overallCurrent 49 -> 53
[drift] player 7509 overallCurrent 59 -> 64
[drift] player 7510 overallCurrent 58 -> 64
[drift] player 7511 overallCurrent 83 -> 68
[drift] player 7512 overallCurrent 72 -> 67
[drift] player 7513 overallCurrent 43 -> 50
[drift] player 7514 overallCurrent 69 -> 67
[drift] player 7515 overallCurrent 47 -> 52
[drift] player 7516 overallCurrent 50 -> 54
[drift] player 7517 overallCurrent 49 -> 53
[drift] player 7518 overallCurrent 62 -> 66
[drift] player 7519 overallCurrent 44 -> 51
[drift] player 7520 overallCurrent 49 -> 54
[drift] player 7521 overallCurrent 72 -> 73
[drift] player 7522 overallCurrent 69 -> 68
[drift] player 7523 overallCurrent 49 -> 52
[drift] player 7524 overallCurrent 59 -> 64
[drift] player 7525 overallCurrent 74 -> 77
[drift] player 7526 overallCurrent 50 -> 62
[drift] player 7527 overallCurrent 59 -> 72
[drift] player 7528 overallCurrent 88 -> 99
[drift] player 7529 overallCurrent 75 -> 70
[drift] player 7530 overallCurrent 44 -> 53
[drift] player 7531 overallCurrent 49 -> 53
[drift] player 7532 overallCurrent 92 -> 99
[drift] player 7533 overallCurrent 77 -> 68
[drift] player 7534 overallCurrent 50 -> 64
[drift] player 7535 overallCurrent 50 -> 53
[drift] player 7536 overallCurrent 84 -> 68
[drift] player 7537 overallCurrent 49 -> 54
[drift] player 7538 overallCurrent 60 -> 65
[drift] player 7539 overallCurrent 44 -> 51
[drift] player 7540 overallCurrent 51 -> 53
[drift] player 7541 overallCurrent 81 -> 76
[drift] player 7542 overallCurrent 47 -> 54
[drift] player 7543 overallCurrent 43 -> 51
[drift] player 7544 overallCurrent 53 -> 57
[drift] player 7545 overallCurrent 45 -> 52
[drift] player 7546 overallCurrent 43 -> 51
[drift] player 7547 overallCurrent 90 -> 66
[drift] player 7548 overallCurrent 50 -> 52
[drift] player 7549 overallCurrent 41 -> 50
[drift] player 7550 overallCurrent 45 -> 51
[drift] player 7551 overallCurrent 76 -> 95
[drift] player 7552 overallCurrent 47 -> 53
[drift] player 7553 overallCurrent 42 -> 51
[drift] player 7554 overallCurrent 47 -> 54
[drift] player 7555 overallCurrent 79 -> 68
[drift] player 7557 overallCurrent 48 -> 52
[drift] player 7558 overallCurrent 50 -> 64
[drift] player 7559 overallCurrent 74 -> 68
[drift] player 7560 overallCurrent 43 -> 51
[drift] player 7561 overallCurrent 63 -> 82
[drift] player 7562 overallCurrent 69 -> 76
[drift] player 7563 overallCurrent 44 -> 50
[drift] player 7564 overallCurrent 65 -> 67
[drift] player 7565 overallCurrent 58 -> 64
[drift] player 7566 overallCurrent 48 -> 52
[drift] player 7567 overallCurrent 47 -> 53
[drift] player 7568 overallCurrent 69 -> 66
[drift] player 7569 overallCurrent 45 -> 53
[drift] player 7570 overallCurrent 42 -> 51
[drift] player 7571 overallCurrent 78 -> 88
[drift] player 7572 overallCurrent 53 -> 58
[drift] player 7573 overallCurrent 44 -> 52
[drift] player 7574 overallCurrent 63 -> 67
[drift] player 7575 overallCurrent 72 -> 75
[drift] player 7576 overallCurrent 42 -> 51
[drift] player 7577 overallCurrent 46 -> 54
[drift] player 7578 overallCurrent 44 -> 53
[drift] player 7579 overallCurrent 47 -> 52
[drift] player 7580 overallCurrent 45 -> 51
[drift] player 7581 overallCurrent 49 -> 52
[drift] player 7582 overallCurrent 62 -> 67
[drift] player 7583 overallCurrent 50 -> 53
[drift] player 7584 overallCurrent 93 -> 99
[drift] player 7585 overallCurrent 59 -> 62
[drift] player 7586 overallCurrent 45 -> 53
[drift] player 7587 overallCurrent 65 -> 66
[drift] player 7588 overallCurrent 42 -> 50
[drift] player 7589 overallCurrent 69 -> 90
[drift] player 7590 overallCurrent 54 -> 58
[drift] player 7591 overallCurrent 48 -> 53
[drift] player 7592 overallCurrent 46 -> 52
[drift] player 7593 overallCurrent 72 -> 81
[drift] player 7594 overallCurrent 75 -> 69
[drift] player 7595 overallCurrent 70 -> 68
[drift] player 7596 overallCurrent 60 -> 64
[drift] player 7597 overallCurrent 47 -> 52
[drift] player 7598 overallCurrent 92 -> 68
[drift] player 7599 overallCurrent 75 -> 70
[drift] player 7600 overallCurrent 46 -> 52
[drift] player 7601 overallCurrent 85 -> 77
[drift] player 7602 overallCurrent 70 -> 68
[drift] player 7603 overallCurrent 88 -> 96
[drift] player 7604 overallCurrent 43 -> 52
[drift] player 7605 overallCurrent 70 -> 79
[drift] player 7606 overallCurrent 48 -> 52
[drift] player 7607 overallCurrent 70 -> 69
[drift] player 7608 overallCurrent 73 -> 85
[drift] player 7609 overallCurrent 83 -> 72
[drift] player 7610 overallCurrent 52 -> 57
[drift] player 7611 overallCurrent 48 -> 54
[drift] player 7612 overallCurrent 51 -> 54
[drift] player 7613 overallCurrent 75 -> 76
[drift] player 7614 overallCurrent 47 -> 51
[drift] player 7615 overallCurrent 53 -> 57
[drift] player 7616 overallCurrent 49 -> 53
[drift] player 7617 overallCurrent 69 -> 68
[drift] player 7618 overallCurrent 50 -> 54
[drift] player 7619 overallCurrent 53 -> 59
[drift] player 7620 overallCurrent 74 -> 87
[drift] player 7621 overallCurrent 52 -> 56
[drift] player 7622 overallCurrent 42 -> 50
[drift] player 7623 overallCurrent 58 -> 60
[drift] player 7624 overallCurrent 44 -> 51
[drift] player 7625 overallCurrent 46 -> 52
[drift] player 7626 overallCurrent 42 -> 53
[drift] player 7627 overallCurrent 43 -> 51
[drift] player 7628 overallCurrent 45 -> 51
[drift] player 7629 overallCurrent 47 -> 51
[drift] player 7630 overallCurrent 41 -> 50
[drift] player 7631 overallCurrent 75 -> 79
[drift] player 7632 overallCurrent 48 -> 53
[drift] player 7633 overallCurrent 49 -> 54
[drift] player 7635 overallCurrent 83 -> 67
[drift] player 7636 overallCurrent 48 -> 54
[drift] player 7637 overallCurrent 50 -> 54
[drift] player 7638 overallCurrent 49 -> 53
[drift] player 7639 overallCurrent 83 -> 87
[drift] player 7640 overallCurrent 46 -> 53
[drift] player 7641 overallCurrent 50 -> 52
[drift] player 7642 overallCurrent 83 -> 77
[drift] player 7643 overallCurrent 90 -> 79
[drift] player 7644 overallCurrent 83 -> 93
[drift] player 7645 overallCurrent 50 -> 53
[drift] player 7646 overallCurrent 46 -> 51
[drift] player 7647 overallCurrent 86 -> 92
[drift] player 7648 overallCurrent 93 -> 70
[drift] player 7649 overallCurrent 48 -> 52
[drift] player 7650 overallCurrent 76 -> 84
[drift] player 7651 overallCurrent 49 -> 52
[drift] player 7652 overallCurrent 42 -> 51
[drift] player 7653 overallCurrent 58 -> 62
[drift] player 7654 overallCurrent 45 -> 52
[drift] player 7655 overallCurrent 48 -> 53
[drift] player 7656 overallCurrent 44 -> 52
[drift] player 7657 overallCurrent 74 -> 68
[drift] player 7658 overallCurrent 79 -> 81
[drift] player 7659 overallCurrent 43 -> 51
[drift] player 7660 overallCurrent 50 -> 53
[drift] player 7661 overallCurrent 50 -> 64
[drift] player 7662 overallCurrent 48 -> 54
[drift] player 7663 overallCurrent 58 -> 63
[drift] player 7664 overallCurrent 46 -> 51
[drift] player 7665 overallCurrent 50 -> 62
[drift] player 7666 overallCurrent 49 -> 52
[drift] player 7667 overallCurrent 50 -> 53
[drift] player 7668 overallCurrent 50 -> 54
[drift] player 7669 overallCurrent 49 -> 52
[drift] player 7670 overallCurrent 62 -> 67
[drift] player 7671 overallCurrent 91 -> 86
[drift] player 7672 overallCurrent 57 -> 59
[drift] player 7673 overallCurrent 44 -> 51
[drift] player 7674 overallCurrent 92 -> 74
[drift] player 7675 overallCurrent 65 -> 76
[drift] player 7676 overallCurrent 49 -> 52
[drift] player 7677 overallCurrent 46 -> 52
[drift] player 7678 overallCurrent 59 -> 62
[drift] player 7679 overallCurrent 43 -> 52
[drift] player 7680 overallCurrent 47 -> 52
[drift] player 7681 overallCurrent 46 -> 52
[drift] player 7682 overallCurrent 49 -> 54
[drift] player 7683 overallCurrent 72 -> 81
[drift] player 7684 overallCurrent 66 -> 79
[drift] player 7685 overallCurrent 46 -> 53
[drift] player 7686 overallCurrent 44 -> 50
[drift] player 7687 overallCurrent 46 -> 52
[drift] player 7688 overallCurrent 87 -> 75
[drift] player 7689 overallCurrent 49 -> 52
[drift] player 7690 overallCurrent 95 -> 68
[drift] player 7691 overallCurrent 59 -> 63
[drift] player 7692 overallCurrent 48 -> 53
[drift] player 7693 overallCurrent 85 -> 80
[drift] player 7694 overallCurrent 48 -> 53
[drift] player 7695 overallCurrent 50 -> 65
[drift] player 7696 overallCurrent 48 -> 53
[drift] player 7697 overallCurrent 42 -> 50
[drift] player 7698 overallCurrent 59 -> 66
[drift] player 7699 overallCurrent 77 -> 89
[drift] player 7700 overallCurrent 74 -> 69
[drift] player 7701 overallCurrent 44 -> 51
[drift] player 7702 overallCurrent 91 -> 68
[drift] player 7703 overallCurrent 68 -> 66
[drift] player 7704 overallCurrent 48 -> 51
[drift] player 7705 overallCurrent 48 -> 52
[drift] player 7706 overallCurrent 70 -> 67
[drift] player 7707 overallCurrent 47 -> 53
[drift] player 7708 overallCurrent 47 -> 51
[drift] player 7709 overallCurrent 43 -> 51
[drift] player 7710 overallCurrent 65 -> 67
[drift] player 7711 overallCurrent 42 -> 52
[drift] player 7712 overallCurrent 73 -> 81
[drift] player 7713 overallCurrent 49 -> 52
[drift] player 7714 overallCurrent 72 -> 70
[drift] player 7715 overallCurrent 45 -> 53
[drift] player 7716 overallCurrent 79 -> 68
[drift] player 7717 overallCurrent 50 -> 52
[drift] player 7718 overallCurrent 67 -> 69
[drift] player 7719 overallCurrent 83 -> 86
[drift] player 7720 overallCurrent 45 -> 53
[drift] player 7721 overallCurrent 48 -> 52
[drift] player 7722 overallCurrent 56 -> 61
[drift] player 7723 overallCurrent 48 -> 51
[drift] player 7724 overallCurrent 58 -> 64
[drift] player 7725 overallCurrent 49 -> 52
[drift] player 7726 overallCurrent 55 -> 59
[drift] player 7727 overallCurrent 56 -> 59
[drift] player 7728 overallCurrent 94 -> 68
[drift] player 7729 overallCurrent 42 -> 52
[drift] player 7730 overallCurrent 50 -> 54
[drift] player 7731 overallCurrent 44 -> 51
[drift] player 7732 overallCurrent 65 -> 83
[drift] player 7733 overallCurrent 49 -> 53
[drift] player 7734 overallCurrent 94 -> 98
[drift] player 7735 overallCurrent 45 -> 52
[drift] player 7736 overallCurrent 66 -> 83
[drift] player 7737 overallCurrent 46 -> 52
[drift] player 7738 overallCurrent 73 -> 71
[drift] player 7739 overallCurrent 41 -> 50
[drift] player 7740 overallCurrent 58 -> 61
[drift] player 7741 overallCurrent 45 -> 51
[drift] player 7742 overallCurrent 47 -> 52
[drift] player 7744 overallCurrent 53 -> 59
[drift] player 7745 overallCurrent 90 -> 74
[drift] player 7746 overallCurrent 45 -> 51
[drift] player 7747 overallCurrent 91 -> 68
[drift] player 7748 overallCurrent 70 -> 68
[drift] player 7749 overallCurrent 82 -> 73
[drift] player 7750 overallCurrent 54 -> 56
[drift] player 7751 overallCurrent 45 -> 52
[drift] player 7752 overallCurrent 43 -> 51
[drift] player 7753 overallCurrent 47 -> 52
[drift] player 7754 overallCurrent 41 -> 51
[drift] player 7755 overallCurrent 42 -> 51
[drift] player 7756 overallCurrent 50 -> 64
[training] applied daily plans: 8
[drift] player 6581 overallCurrent 84 -> 83
[drift] player 6634 overallCurrent 72 -> 71
[drift] player 6642 overallCurrent 92 -> 91
[drift] player 6673 overallCurrent 90 -> 89
[drift] player 6687 overallCurrent 92 -> 91
[drift] player 6711 overallCurrent 83 -> 82
[drift] player 6712 overallCurrent 97 -> 96
[drift] player 6749 overallCurrent 82 -> 81
[drift] player 6763 overallCurrent 73 -> 72
[drift] player 6772 overallCurrent 71 -> 70
[drift] player 6803 overallCurrent 93 -> 92
[drift] player 6819 overallCurrent 74 -> 73
[drift] player 6846 overallCurrent 95 -> 94
[drift] player 6885 overallCurrent 65 -> 64
[drift] player 6891 overallCurrent 61 -> 60
[drift] player 6945 overallCurrent 75 -> 74
[drift] player 6965 overallCurrent 81 -> 80
[drift] player 7369 overallCurrent 78 -> 77
[drift] player 7383 overallCurrent 68 -> 66
[drift] player 7391 overallCurrent 67 -> 65
[drift] player 7407 overallCurrent 86 -> 85
[drift] player 7421 overallCurrent 68 -> 67
[drift] player 7433 overallCurrent 81 -> 80
[drift] player 7434 overallCurrent 64 -> 62
[drift] player 7472 overallCurrent 68 -> 67
[drift] player 7489 overallCurrent 68 -> 67
[drift] player 7494 overallCurrent 79 -> 78
[drift] player 7501 overallCurrent 68 -> 67
[drift] player 7502 overallCurrent 65 -> 64
[drift] player 7512 overallCurrent 67 -> 66
[drift] player 7527 overallCurrent 72 -> 71
[drift] player 7534 overallCurrent 64 -> 63
[drift] player 7538 overallCurrent 65 -> 64
[drift] player 7559 overallCurrent 68 -> 67
[drift] player 7568 overallCurrent 66 -> 65
[drift] player 7593 overallCurrent 81 -> 79
[drift] player 7596 overallCurrent 64 -> 63
[drift] player 7599 overallCurrent 70 -> 68
[drift] player 7607 overallCurrent 69 -> 68
[drift] player 7678 overallCurrent 62 -> 61
[drift] player 7684 overallCurrent 79 -> 78
[drift] player 7695 overallCurrent 65 -> 63
[drift] player 7700 overallCurrent 69 -> 68
[drift] player 7703 overallCurrent 66 -> 65
[drift] player 7718 overallCurrent 69 -> 68
[drift] player 7724 overallCurrent 64 -> 62
[drift] player 7732 overallCurrent 83 -> 82
[drift] player 7748 overallCurrent 68 -> 67
[training] applied daily plans: 8
[drift] player 6575 overallCurrent 58 -> 59
[drift] player 6576 overallCurrent 82 -> 81
[drift] player 6594 overallCurrent 68 -> 67
[drift] player 6599 overallCurrent 53 -> 54
[drift] player 6602 overallCurrent 73 -> 74
[drift] player 6605 overallCurrent 56 -> 57
[drift] player 6620 overallCurrent 52 -> 53
[drift] player 6651 overallCurrent 66 -> 64
[drift] player 6653 overallCurrent 53 -> 54
[drift] player 6659 overallCurrent 64 -> 63
[drift] player 6672 overallCurrent 53 -> 54
[drift] player 6677 overallCurrent 53 -> 54
[drift] player 6686 overallCurrent 67 -> 65
[drift] player 6689 overallCurrent 66 -> 65
[drift] player 6703 overallCurrent 87 -> 86
[drift] player 6733 overallCurrent 91 -> 92
[drift] player 6757 overallCurrent 79 -> 77
[drift] player 6772 overallCurrent 70 -> 69
[drift] player 6774 overallCurrent 86 -> 87
[drift] player 6782 overallCurrent 64 -> 63
[drift] player 6785 overallCurrent 52 -> 53
[drift] player 6786 overallCurrent 71 -> 72
[drift] player 6799 overallCurrent 90 -> 91
[drift] player 6821 overallCurrent 66 -> 67
[drift] player 6854 overallCurrent 51 -> 52
[drift] player 6858 overallCurrent 50 -> 51
[drift] player 6878 overallCurrent 54 -> 55
[drift] player 6888 overallCurrent 84 -> 83
[drift] player 6892 overallCurrent 66 -> 65
[drift] player 6915 overallCurrent 52 -> 53
[drift] player 6920 overallCurrent 51 -> 52
[drift] player 6947 overallCurrent 77 -> 76
[drift] player 6960 overallCurrent 65 -> 66
[drift] player 7275 overallCurrent 78 -> 79
[drift] player 7276 overallCurrent 71 -> 70
[drift] player 7328 overallCurrent 53 -> 54
[drift] player 7339 overallCurrent 52 -> 53
[drift] player 7343 overallCurrent 52 -> 53
[drift] player 7347 overallCurrent 88 -> 87
[drift] player 7352 overallCurrent 92 -> 91
[drift] player 7369 overallCurrent 77 -> 76
[drift] player 7380 overallCurrent 51 -> 52
[drift] player 7383 overallCurrent 66 -> 67
[drift] player 7391 overallCurrent 65 -> 66
[drift] player 7392 overallCurrent 51 -> 52
[drift] player 7399 overallCurrent 54 -> 55
[drift] player 7401 overallCurrent 58 -> 59
[drift] player 7403 overallCurrent 50 -> 51
[drift] player 7407 overallCurrent 85 -> 84
[drift] player 7414 overallCurrent 69 -> 70
[drift] player 7418 overallCurrent 81 -> 80
[drift] player 7419 overallCurrent 51 -> 52
[drift] player 7421 overallCurrent 67 -> 68
[drift] player 7428 overallCurrent 52 -> 53
[drift] player 7430 overallCurrent 51 -> 52
[drift] player 7435 overallCurrent 66 -> 65
[drift] player 7439 overallCurrent 51 -> 52
[drift] player 7440 overallCurrent 52 -> 53
[drift] player 7442 overallCurrent 50 -> 51
[drift] player 7448 overallCurrent 64 -> 63
[drift] player 7450 overallCurrent 55 -> 56
[drift] player 7458 overallCurrent 51 -> 52
[drift] player 7461 overallCurrent 63 -> 62
[drift] player 7462 overallCurrent 64 -> 65
[drift] player 7464 overallCurrent 53 -> 54
[drift] player 7465 overallCurrent 78 -> 77
[drift] player 7467 overallCurrent 65 -> 64
[drift] player 7470 overallCurrent 56 -> 57
[drift] player 7479 overallCurrent 68 -> 66
[drift] player 7482 overallCurrent 78 -> 79
[drift] player 7483 overallCurrent 64 -> 63
[drift] player 7485 overallCurrent 54 -> 55
[drift] player 7488 overallCurrent 62 -> 61
[drift] player 7490 overallCurrent 52 -> 53
[drift] player 7491 overallCurrent 53 -> 54
[drift] player 7493 overallCurrent 53 -> 54
[drift] player 7495 overallCurrent 52 -> 53
[drift] player 7496 overallCurrent 58 -> 59
[drift] player 7501 overallCurrent 67 -> 66
[drift] player 7506 overallCurrent 62 -> 61
[drift] player 7507 overallCurrent 52 -> 53
[drift] player 7509 overallCurrent 64 -> 62
[drift] player 7510 overallCurrent 64 -> 65
[drift] player 7512 overallCurrent 66 -> 64
[drift] player 7513 overallCurrent 50 -> 51
[drift] player 7516 overallCurrent 54 -> 55
[drift] player 7518 overallCurrent 66 -> 64
[drift] player 7521 overallCurrent 73 -> 72
[drift] player 7533 overallCurrent 68 -> 67
[drift] player 7540 overallCurrent 53 -> 54
[drift] player 7546 overallCurrent 51 -> 52
[drift] player 7549 overallCurrent 50 -> 51
[drift] player 7552 overallCurrent 53 -> 54
[drift] player 7559 overallCurrent 67 -> 68
[drift] player 7560 overallCurrent 51 -> 52
[drift] player 7561 overallCurrent 82 -> 81
[drift] player 7562 overallCurrent 76 -> 75
[drift] player 7563 overallCurrent 50 -> 51
[drift] player 7564 overallCurrent 67 -> 66
[drift] player 7565 overallCurrent 64 -> 63
[drift] player 7566 overallCurrent 52 -> 53
[drift] player 7570 overallCurrent 51 -> 52
[drift] player 7574 overallCurrent 67 -> 66
[drift] player 7576 overallCurrent 51 -> 52
[drift] player 7580 overallCurrent 51 -> 52
[drift] player 7582 overallCurrent 67 -> 66
[drift] player 7583 overallCurrent 53 -> 54
[drift] player 7585 overallCurrent 62 -> 63
[drift] player 7587 overallCurrent 66 -> 65
[drift] player 7590 overallCurrent 58 -> 59
[drift] player 7593 overallCurrent 79 -> 80
[drift] player 7599 overallCurrent 68 -> 69
[drift] player 7605 overallCurrent 79 -> 78
[drift] player 7607 overallCurrent 68 -> 69
[drift] player 7608 overallCurrent 85 -> 86
[drift] player 7613 overallCurrent 76 -> 75
[drift] player 7629 overallCurrent 51 -> 52
[drift] player 7631 overallCurrent 79 -> 78
[drift] player 7636 overallCurrent 54 -> 53
[drift] player 7649 overallCurrent 52 -> 53
[drift] player 7651 overallCurrent 52 -> 53
[drift] player 7659 overallCurrent 51 -> 52
[drift] player 7663 overallCurrent 63 -> 62
[drift] player 7665 overallCurrent 62 -> 63
[drift] player 7666 overallCurrent 52 -> 53
[drift] player 7669 overallCurrent 52 -> 53
[drift] player 7672 overallCurrent 59 -> 60
[drift] player 7676 overallCurrent 52 -> 53
[drift] player 7678 overallCurrent 61 -> 60
[drift] player 7679 overallCurrent 52 -> 53
[drift] player 7682 overallCurrent 54 -> 55
[drift] player 7683 overallCurrent 81 -> 80
[drift] player 7684 overallCurrent 78 -> 77
[drift] player 7687 overallCurrent 52 -> 53
[drift] player 7691 overallCurrent 63 -> 64
[drift] player 7695 overallCurrent 63 -> 64
[drift] player 7698 overallCurrent 66 -> 65
[drift] player 7699 overallCurrent 89 -> 88
[drift] player 7700 overallCurrent 68 -> 67
[drift] player 7704 overallCurrent 51 -> 52
[drift] player 7725 overallCurrent 52 -> 53
[drift] player 7726 overallCurrent 59 -> 60
[drift] player 7727 overallCurrent 59 -> 60
[drift] player 7729 overallCurrent 52 -> 53
[drift] player 7735 overallCurrent 52 -> 53
[drift] player 7736 overallCurrent 83 -> 82
[drift] player 7740 overallCurrent 61 -> 60
[drift] player 7742 overallCurrent 52 -> 53
[drift] player 7746 overallCurrent 51 -> 52
[drift] player 7751 overallCurrent 52 -> 53
[drift] player 7752 overallCurrent 51 -> 52
[drift] player 7753 overallCurrent 52 -> 53
[drift] player 7756 overallCurrent 64 -> 63
[training] applied daily plans: 8
[drift] player 6576 overallCurrent 81 -> 82
[drift] player 6580 overallCurrent 83 -> 84
[drift] player 6587 overallCurrent 96 -> 97
[drift] player 6590 overallCurrent 83 -> 84
[drift] player 6594 overallCurrent 67 -> 68
[drift] player 6596 overallCurrent 68 -> 69
[drift] player 6600 overallCurrent 66 -> 67
[drift] player 6609 overallCurrent 53 -> 54
[drift] player 6629 overallCurrent 98 -> 99
[drift] player 6630 overallCurrent 51 -> 52
[drift] player 6634 overallCurrent 71 -> 70
[drift] player 6638 overallCurrent 67 -> 68
[drift] player 6642 overallCurrent 91 -> 92
[drift] player 6645 overallCurrent 98 -> 99
[drift] player 6646 overallCurrent 53 -> 54
[drift] player 6657 overallCurrent 78 -> 79
[drift] player 6659 overallCurrent 63 -> 64
[drift] player 6661 overallCurrent 59 -> 60
[drift] player 6674 overallCurrent 52 -> 53
[drift] player 6676 overallCurrent 51 -> 52
[drift] player 6689 overallCurrent 65 -> 66
[drift] player 6697 overallCurrent 70 -> 71
[drift] player 6719 overallCurrent 53 -> 54
[drift] player 6744 overallCurrent 63 -> 64
[drift] player 6750 overallCurrent 54 -> 55
[drift] player 6760 overallCurrent 51 -> 52
[drift] player 6773 overallCurrent 75 -> 76
[drift] player 6782 overallCurrent 63 -> 64
[drift] player 6801 overallCurrent 52 -> 53
[drift] player 6819 overallCurrent 73 -> 72
[drift] player 6822 overallCurrent 64 -> 65
[drift] player 6826 overallCurrent 65 -> 66
[drift] player 6833 overallCurrent 69 -> 70
[drift] player 6837 overallCurrent 52 -> 53
[drift] player 6840 overallCurrent 72 -> 73
[drift] player 6849 overallCurrent 54 -> 55
[drift] player 6855 overallCurrent 51 -> 52
[drift] player 6857 overallCurrent 52 -> 53
[drift] player 6869 overallCurrent 94 -> 95
[drift] player 6877 overallCurrent 52 -> 53
[drift] player 6885 overallCurrent 64 -> 63
[drift] player 6886 overallCurrent 67 -> 68
[drift] player 6888 overallCurrent 83 -> 84
[drift] player 6891 overallCurrent 60 -> 61
[drift] player 6892 overallCurrent 65 -> 66
[drift] player 6924 overallCurrent 83 -> 84
[drift] player 6934 overallCurrent 54 -> 55
[drift] player 6944 overallCurrent 53 -> 54
[drift] player 6945 overallCurrent 74 -> 75
[drift] player 6947 overallCurrent 76 -> 77
[drift] player 6952 overallCurrent 65 -> 66
[drift] player 6962 overallCurrent 75 -> 76
[drift] player 7285 overallCurrent 60 -> 61
[drift] player 7287 overallCurrent 52 -> 53
[drift] player 7323 overallCurrent 79 -> 80
[drift] player 7330 overallCurrent 51 -> 52
[drift] player 7332 overallCurrent 81 -> 82
[drift] player 7347 overallCurrent 87 -> 88
[drift] player 7351 overallCurrent 54 -> 55
[drift] player 7371 overallCurrent 62 -> 63
[drift] player 7373 overallCurrent 55 -> 56
[drift] player 7374 overallCurrent 51 -> 52
[drift] player 7376 overallCurrent 91 -> 92
[drift] player 7382 overallCurrent 53 -> 54
[drift] player 7383 overallCurrent 67 -> 66
[drift] player 7389 overallCurrent 52 -> 53
[drift] player 7393 overallCurrent 53 -> 54
[drift] player 7395 overallCurrent 59 -> 60
[drift] player 7398 overallCurrent 53 -> 54
[drift] player 7400 overallCurrent 52 -> 53
[drift] player 7404 overallCurrent 53 -> 54
[drift] player 7407 overallCurrent 84 -> 85
[drift] player 7408 overallCurrent 52 -> 53
[drift] player 7409 overallCurrent 84 -> 85
[drift] player 7410 overallCurrent 59 -> 60
[drift] player 7411 overallCurrent 52 -> 53
[drift] player 7412 overallCurrent 54 -> 55
[drift] player 7413 overallCurrent 52 -> 53
[drift] player 7415 overallCurrent 62 -> 63
[drift] player 7417 overallCurrent 51 -> 52
[drift] player 7418 overallCurrent 80 -> 81
[drift] player 7420 overallCurrent 53 -> 54
[drift] player 7421 overallCurrent 68 -> 67
[drift] player 7422 overallCurrent 53 -> 54
[drift] player 7424 overallCurrent 66 -> 67
[drift] player 7425 overallCurrent 51 -> 52
[drift] player 7429 overallCurrent 67 -> 68
[drift] player 7432 overallCurrent 53 -> 54
[drift] player 7433 overallCurrent 80 -> 79
[drift] player 7435 overallCurrent 65 -> 66
[drift] player 7437 overallCurrent 50 -> 51
[drift] player 7438 overallCurrent 68 -> 69
[drift] player 7446 overallCurrent 67 -> 68
[drift] player 7448 overallCurrent 63 -> 64
[drift] player 7452 overallCurrent 55 -> 56
[drift] player 7455 overallCurrent 55 -> 56
[drift] player 7456 overallCurrent 63 -> 64
[drift] player 7459 overallCurrent 67 -> 68
[drift] player 7460 overallCurrent 63 -> 64
[drift] player 7461 overallCurrent 62 -> 63
[drift] player 7463 overallCurrent 58 -> 59
[drift] player 7465 overallCurrent 77 -> 78
[drift] player 7466 overallCurrent 51 -> 52
[drift] player 7467 overallCurrent 64 -> 65
[drift] player 7468 overallCurrent 54 -> 55
[drift] player 7469 overallCurrent 53 -> 54
[drift] player 7471 overallCurrent 52 -> 53
[drift] player 7472 overallCurrent 67 -> 66
[drift] player 7477 overallCurrent 51 -> 52
[drift] player 7479 overallCurrent 66 -> 67
[drift] player 7480 overallCurrent 53 -> 54
[drift] player 7481 overallCurrent 54 -> 55
[drift] player 7483 overallCurrent 63 -> 64
[drift] player 7484 overallCurrent 52 -> 53
[drift] player 7488 overallCurrent 61 -> 62
[drift] player 7492 overallCurrent 52 -> 53
[drift] player 7494 overallCurrent 78 -> 79
[drift] player 7497 overallCurrent 51 -> 52
[drift] player 7498 overallCurrent 54 -> 55
[drift] player 7499 overallCurrent 63 -> 64
[drift] player 7504 overallCurrent 65 -> 66
[drift] player 7506 overallCurrent 61 -> 62
[drift] player 7509 overallCurrent 62 -> 63
[drift] player 7512 overallCurrent 64 -> 65
[drift] player 7514 overallCurrent 67 -> 66
[drift] player 7515 overallCurrent 52 -> 53
[drift] player 7518 overallCurrent 64 -> 65
[drift] player 7521 overallCurrent 72 -> 73
[drift] player 7523 overallCurrent 52 -> 53
[drift] player 7524 overallCurrent 64 -> 65
[drift] player 7526 overallCurrent 62 -> 63
[drift] player 7530 overallCurrent 53 -> 54
[drift] player 7531 overallCurrent 53 -> 54
[drift] player 7537 overallCurrent 54 -> 55
[drift] player 7538 overallCurrent 64 -> 65
[drift] player 7539 overallCurrent 51 -> 52
[drift] player 7543 overallCurrent 51 -> 52
[drift] player 7544 overallCurrent 57 -> 58
[drift] player 7548 overallCurrent 52 -> 53
[drift] player 7550 overallCurrent 51 -> 52
[drift] player 7555 overallCurrent 68 -> 67
[drift] player 7557 overallCurrent 52 -> 53
[drift] player 7558 overallCurrent 64 -> 65
[drift] player 7559 overallCurrent 68 -> 67
[drift] player 7562 overallCurrent 75 -> 76
[drift] player 7565 overallCurrent 63 -> 64
[drift] player 7568 overallCurrent 65 -> 64
[drift] player 7569 overallCurrent 53 -> 54
[drift] player 7572 overallCurrent 58 -> 59
[drift] player 7578 overallCurrent 53 -> 54
[drift] player 7579 overallCurrent 52 -> 53
[drift] player 7581 overallCurrent 52 -> 53
[drift] player 7582 overallCurrent 66 -> 67
[drift] player 7586 overallCurrent 53 -> 54
[drift] player 7587 overallCurrent 65 -> 66
[drift] player 7588 overallCurrent 50 -> 51
[drift] player 7592 overallCurrent 52 -> 53
[drift] player 7593 overallCurrent 80 -> 79
[drift] player 7596 overallCurrent 63 -> 62
[drift] player 7597 overallCurrent 52 -> 53
[drift] player 7600 overallCurrent 52 -> 53
[drift] player 7604 overallCurrent 52 -> 53
[drift] player 7606 overallCurrent 52 -> 53
[drift] player 7607 overallCurrent 69 -> 68
[drift] player 7610 overallCurrent 57 -> 58
[drift] player 7612 overallCurrent 54 -> 55
[drift] player 7613 overallCurrent 75 -> 76
[drift] player 7614 overallCurrent 51 -> 52
[drift] player 7616 overallCurrent 53 -> 54
[drift] player 7621 overallCurrent 56 -> 57
[drift] player 7622 overallCurrent 50 -> 51
[drift] player 7623 overallCurrent 60 -> 61
[drift] player 7628 overallCurrent 51 -> 52
[drift] player 7630 overallCurrent 50 -> 51
[drift] player 7633 overallCurrent 54 -> 55
[drift] player 7637 overallCurrent 54 -> 55
[drift] player 7638 overallCurrent 53 -> 54
[drift] player 7641 overallCurrent 52 -> 53
[drift] player 7646 overallCurrent 51 -> 52
[drift] player 7654 overallCurrent 52 -> 53
[drift] player 7655 overallCurrent 53 -> 54
[drift] player 7656 overallCurrent 52 -> 53
[drift] player 7660 overallCurrent 53 -> 54
[drift] player 7662 overallCurrent 54 -> 55
[drift] player 7663 overallCurrent 62 -> 63
[drift] player 7667 overallCurrent 53 -> 54
[drift] player 7670 overallCurrent 67 -> 68
[drift] player 7680 overallCurrent 52 -> 53
[drift] player 7681 overallCurrent 52 -> 53
[drift] player 7685 overallCurrent 53 -> 54
[drift] player 7686 overallCurrent 50 -> 51
[drift] player 7694 overallCurrent 53 -> 54
[drift] player 7695 overallCurrent 64 -> 63
[drift] player 7696 overallCurrent 53 -> 54
[drift] player 7698 overallCurrent 65 -> 66
[drift] player 7700 overallCurrent 67 -> 68
[drift] player 7701 overallCurrent 51 -> 52
[drift] player 7703 overallCurrent 65 -> 66
[drift] player 7705 overallCurrent 52 -> 53
[drift] player 7706 overallCurrent 67 -> 68
[drift] player 7707 overallCurrent 53 -> 54
[drift] player 7708 overallCurrent 51 -> 52
[drift] player 7709 overallCurrent 51 -> 52
[drift] player 7710 overallCurrent 67 -> 68
[drift] player 7711 overallCurrent 52 -> 53
[drift] player 7712 overallCurrent 81 -> 80
[drift] player 7713 overallCurrent 52 -> 53
[drift] player 7715 overallCurrent 53 -> 54
[drift] player 7717 overallCurrent 52 -> 53
[drift] player 7718 overallCurrent 68 -> 67
[drift] player 7721 overallCurrent 52 -> 53
[drift] player 7723 overallCurrent 51 -> 52
[drift] player 7724 overallCurrent 62 -> 63
[drift] player 7731 overallCurrent 51 -> 52
[drift] player 7737 overallCurrent 52 -> 53
[drift] player 7739 overallCurrent 50 -> 51
[drift] player 7740 overallCurrent 60 -> 61
[drift] player 7741 overallCurrent 51 -> 52
[drift] player 7748 overallCurrent 67 -> 66
[drift] player 7750 overallCurrent 56 -> 57
[drift] player 7754 overallCurrent 51 -> 52
[drift] player 7755 overallCurrent 51 -> 52
[drift] player 7756 overallCurrent 63 -> 64
[training] applied daily plans: 8
[drift] player 6576 overallCurrent 82 -> 81
[drift] player 6584 overallCurrent 53 -> 54
[drift] player 6594 overallCurrent 68 -> 67
[drift] player 6632 overallCurrent 53 -> 54
[drift] player 6633 overallCurrent 95 -> 96
[drift] player 6634 overallCurrent 70 -> 71
[drift] player 6641 overallCurrent 52 -> 53
[drift] player 6655 overallCurrent 53 -> 54
[drift] player 6659 overallCurrent 64 -> 63
[drift] player 6689 overallCurrent 66 -> 65
[drift] player 6703 overallCurrent 86 -> 85
[drift] player 6709 overallCurrent 51 -> 52
[drift] player 6712 overallCurrent 96 -> 95
[drift] player 6717 overallCurrent 89 -> 90
[drift] player 6730 overallCurrent 52 -> 53
[drift] player 6754 overallCurrent 68 -> 69
[drift] player 6768 overallCurrent 53 -> 54
[drift] player 6793 overallCurrent 62 -> 63
[drift] player 6798 overallCurrent 51 -> 52
[drift] player 6809 overallCurrent 85 -> 84
[drift] player 6819 overallCurrent 72 -> 73
[drift] player 6829 overallCurrent 53 -> 54
[drift] player 6885 overallCurrent 63 -> 64
[drift] player 6888 overallCurrent 84 -> 83
[drift] player 6892 overallCurrent 66 -> 65
[drift] player 6908 overallCurrent 63 -> 64
[drift] player 6919 overallCurrent 92 -> 93
[drift] player 6929 overallCurrent 54 -> 55
[drift] player 6947 overallCurrent 77 -> 76
[drift] player 7277 overallCurrent 52 -> 53
[drift] player 7296 overallCurrent 52 -> 53
[drift] player 7302 overallCurrent 52 -> 53
[drift] player 7310 overallCurrent 64 -> 65
[drift] player 7312 overallCurrent 51 -> 52
[drift] player 7345 overallCurrent 63 -> 64
[drift] player 7349 overallCurrent 61 -> 62
[drift] player 7352 overallCurrent 91 -> 90
[drift] player 7355 overallCurrent 52 -> 53
[drift] player 7378 overallCurrent 58 -> 59
[drift] player 7379 overallCurrent 51 -> 52
[drift] player 7391 overallCurrent 66 -> 67
[drift] player 7397 overallCurrent 54 -> 55
[drift] player 7405 overallCurrent 53 -> 54
[drift] player 7406 overallCurrent 51 -> 52
[drift] player 7407 overallCurrent 85 -> 84
[drift] player 7418 overallCurrent 81 -> 80
[drift] player 7427 overallCurrent 55 -> 56
[drift] player 7431 overallCurrent 54 -> 55
[drift] player 7434 overallCurrent 62 -> 61
[drift] player 7444 overallCurrent 54 -> 55
[drift] player 7445 overallCurrent 54 -> 55
[drift] player 7448 overallCurrent 64 -> 63
[drift] player 7451 overallCurrent 83 -> 82
[drift] player 7454 overallCurrent 75 -> 73
[drift] player 7465 overallCurrent 78 -> 76
[drift] player 7467 overallCurrent 65 -> 64
[drift] player 7472 overallCurrent 66 -> 67
[drift] player 7473 overallCurrent 55 -> 56
[drift] player 7479 overallCurrent 67 -> 66
[drift] player 7487 overallCurrent 60 -> 61
[drift] player 7488 overallCurrent 62 -> 61
[drift] player 7501 overallCurrent 66 -> 65
[drift] player 7505 overallCurrent 52 -> 53
[drift] player 7506 overallCurrent 62 -> 60
[drift] player 7508 overallCurrent 53 -> 54
[drift] player 7509 overallCurrent 63 -> 62
[drift] player 7512 overallCurrent 65 -> 64
[drift] player 7514 overallCurrent 66 -> 67
[drift] player 7518 overallCurrent 65 -> 64
[drift] player 7519 overallCurrent 51 -> 52
[drift] player 7520 overallCurrent 54 -> 55
[drift] player 7521 overallCurrent 73 -> 72
[drift] player 7533 overallCurrent 67 -> 66
[drift] player 7535 overallCurrent 53 -> 54
[drift] player 7538 overallCurrent 65 -> 64
[drift] player 7541 overallCurrent 76 -> 75
[drift] player 7542 overallCurrent 54 -> 55
[drift] player 7545 overallCurrent 52 -> 53
[drift] player 7553 overallCurrent 51 -> 52
[drift] player 7554 overallCurrent 54 -> 55
[drift] player 7555 overallCurrent 67 -> 68
[drift] player 7556 overallCurrent 67 -> 68
[drift] player 7561 overallCurrent 81 -> 80
[drift] player 7562 overallCurrent 76 -> 74
[drift] player 7564 overallCurrent 66 -> 67
[drift] player 7567 overallCurrent 53 -> 54
[drift] player 7568 overallCurrent 64 -> 65
[drift] player 7573 overallCurrent 52 -> 53
[drift] player 7574 overallCurrent 66 -> 65
[drift] player 7575 overallCurrent 75 -> 74
[drift] player 7577 overallCurrent 54 -> 55
[drift] player 7582 overallCurrent 67 -> 66
[drift] player 7587 overallCurrent 66 -> 65
[drift] player 7589 overallCurrent 90 -> 89
[drift] player 7591 overallCurrent 53 -> 54
[drift] player 7595 overallCurrent 68 -> 67
[drift] player 7599 overallCurrent 69 -> 70
[drift] player 7602 overallCurrent 68 -> 67
[drift] player 7611 overallCurrent 54 -> 55
[drift] player 7613 overallCurrent 76 -> 75
[drift] player 7615 overallCurrent 57 -> 58
[drift] player 7618 overallCurrent 54 -> 55
[drift] player 7619 overallCurrent 59 -> 60
[drift] player 7624 overallCurrent 51 -> 52
[drift] player 7625 overallCurrent 52 -> 53
[drift] player 7626 overallCurrent 53 -> 54
[drift] player 7627 overallCurrent 51 -> 52
[drift] player 7632 overallCurrent 53 -> 54
[drift] player 7640 overallCurrent 53 -> 54
[drift] player 7645 overallCurrent 53 -> 54
[drift] player 7650 overallCurrent 84 -> 83
[drift] player 7652 overallCurrent 51 -> 52
[drift] player 7653 overallCurrent 62 -> 63
[drift] player 7661 overallCurrent 64 -> 65
[drift] player 7664 overallCurrent 51 -> 52
[drift] player 7668 overallCurrent 54 -> 55
[drift] player 7671 overallCurrent 86 -> 85
[drift] player 7673 overallCurrent 51 -> 52
[drift] player 7677 overallCurrent 52 -> 53
[drift] player 7678 overallCurrent 60 -> 61
[drift] player 7683 overallCurrent 80 -> 79
[drift] player 7684 overallCurrent 77 -> 76
[drift] player 7689 overallCurrent 52 -> 53
[drift] player 7692 overallCurrent 53 -> 54
[drift] player 7697 overallCurrent 50 -> 51
[drift] player 7699 overallCurrent 88 -> 87
[drift] player 7700 overallCurrent 68 -> 66
[drift] player 7720 overallCurrent 53 -> 54
[drift] player 7722 overallCurrent 61 -> 62
[drift] player 7730 overallCurrent 54 -> 55
[drift] player 7733 overallCurrent 53 -> 54
[drift] player 7736 overallCurrent 82 -> 81
[drift] player 7740 overallCurrent 61 -> 60
[drift] player 7744 overallCurrent 59 -> 60
[drift] player 7748 overallCurrent 66 -> 67
[drift] player 7756 overallCurrent 64 -> 63
[training] applied daily plans: 8
[drift] player 6581 overallCurrent 83 -> 82
[drift] player 6587 overallCurrent 97 -> 95
[drift] player 6594 overallCurrent 67 -> 66
[drift] player 6651 overallCurrent 64 -> 63
[drift] player 6673 overallCurrent 89 -> 88
[drift] player 6686 overallCurrent 65 -> 64
[drift] player 6687 overallCurrent 91 -> 89
[drift] player 6711 overallCurrent 82 -> 81
[drift] player 6749 overallCurrent 81 -> 80
[drift] player 6757 overallCurrent 77 -> 76
[drift] player 6763 overallCurrent 72 -> 71
[drift] player 6773 overallCurrent 76 -> 75
[drift] player 6782 overallCurrent 64 -> 63
[drift] player 6803 overallCurrent 92 -> 91
[drift] player 6809 overallCurrent 84 -> 83
[drift] player 6819 overallCurrent 73 -> 71
[drift] player 6822 overallCurrent 65 -> 64
[drift] player 6846 overallCurrent 94 -> 93
[drift] player 6892 overallCurrent 65 -> 64
[drift] player 6924 overallCurrent 84 -> 83
[drift] player 6952 overallCurrent 66 -> 64
[drift] player 7276 overallCurrent 70 -> 69
[drift] player 7349 overallCurrent 62 -> 60
[drift] player 7375 overallCurrent 81 -> 80
[drift] player 7383 overallCurrent 66 -> 64
[drift] player 7391 overallCurrent 67 -> 65
[drift] player 7421 overallCurrent 67 -> 65
[drift] player 7433 overallCurrent 79 -> 78
[drift] player 7435 overallCurrent 66 -> 64
[drift] player 7446 overallCurrent 68 -> 67
[drift] player 7447 overallCurrent 68 -> 67
[drift] player 7472 overallCurrent 67 -> 66
[drift] player 7482 overallCurrent 79 -> 78
[drift] player 7488 overallCurrent 61 -> 60
[drift] player 7502 overallCurrent 64 -> 63
[drift] player 7514 overallCurrent 67 -> 66
[drift] player 7527 overallCurrent 71 -> 70
[drift] player 7534 overallCurrent 63 -> 62
[drift] player 7555 overallCurrent 68 -> 66
[drift] player 7559 overallCurrent 67 -> 65
[drift] player 7561 overallCurrent 80 -> 79
[drift] player 7564 overallCurrent 67 -> 65
[drift] player 7568 overallCurrent 65 -> 63
[drift] player 7574 overallCurrent 65 -> 64
[drift] player 7582 overallCurrent 66 -> 65
[drift] player 7587 overallCurrent 65 -> 63
[drift] player 7593 overallCurrent 79 -> 78
[drift] player 7596 overallCurrent 62 -> 61
[drift] player 7599 overallCurrent 70 -> 69
[drift] player 7605 overallCurrent 78 -> 76
[drift] player 7607 overallCurrent 68 -> 67
[drift] player 7608 overallCurrent 86 -> 85
[drift] player 7613 overallCurrent 75 -> 74
[drift] player 7631 overallCurrent 78 -> 77
[drift] player 7653 overallCurrent 63 -> 61
[drift] player 7670 overallCurrent 68 -> 66
[drift] player 7688 overallCurrent 75 -> 74
[drift] player 7695 overallCurrent 63 -> 62
[drift] player 7712 overallCurrent 80 -> 79
[drift] player 7718 overallCurrent 67 -> 66
[drift] player 7722 overallCurrent 62 -> 60
[drift] player 7732 overallCurrent 82 -> 81
[drift] player 7748 overallCurrent 67 -> 65
[training] applied daily plans: 8
[drift] player 6575 overallCurrent 59 -> 60
[drift] player 6580 overallCurrent 84 -> 85
[drift] player 6581 overallCurrent 82 -> 83
[drift] player 6587 overallCurrent 95 -> 96
[drift] player 6599 overallCurrent 54 -> 55
[drift] player 6602 overallCurrent 74 -> 75
[drift] player 6605 overallCurrent 57 -> 58
[drift] player 6620 overallCurrent 53 -> 54
[drift] player 6630 overallCurrent 52 -> 53
[drift] player 6638 overallCurrent 68 -> 69
[drift] player 6642 overallCurrent 92 -> 93
[drift] player 6646 overallCurrent 54 -> 55
[drift] player 6653 overallCurrent 54 -> 55
[drift] player 6672 overallCurrent 54 -> 55
[drift] player 6673 overallCurrent 88 -> 89
[drift] player 6674 overallCurrent 53 -> 54
[drift] player 6676 overallCurrent 52 -> 53
[drift] player 6677 overallCurrent 54 -> 55
[drift] player 6687 overallCurrent 89 -> 90
[drift] player 6689 overallCurrent 65 -> 64
[drift] player 6697 overallCurrent 71 -> 72
[drift] player 6733 overallCurrent 92 -> 93
[drift] player 6749 overallCurrent 80 -> 81
[drift] player 6760 overallCurrent 52 -> 53
[drift] player 6772 overallCurrent 69 -> 68
[drift] player 6774 overallCurrent 87 -> 88
[drift] player 6785 overallCurrent 53 -> 54
[drift] player 6786 overallCurrent 72 -> 73
[drift] player 6799 overallCurrent 91 -> 92
[drift] player 6801 overallCurrent 53 -> 54
[drift] player 6803 overallCurrent 91 -> 92
[drift] player 6819 overallCurrent 71 -> 72
[drift] player 6821 overallCurrent 67 -> 68
[drift] player 6822 overallCurrent 64 -> 65
[drift] player 6826 overallCurrent 66 -> 67
[drift] player 6837 overallCurrent 53 -> 54
[drift] player 6846 overallCurrent 93 -> 94
[drift] player 6854 overallCurrent 52 -> 53
[drift] player 6857 overallCurrent 53 -> 54
[drift] player 6858 overallCurrent 51 -> 52
[drift] player 6877 overallCurrent 53 -> 54
[drift] player 6878 overallCurrent 55 -> 56
[drift] player 6891 overallCurrent 61 -> 62
[drift] player 6915 overallCurrent 53 -> 54
[drift] player 6920 overallCurrent 52 -> 53
[drift] player 6924 overallCurrent 83 -> 84
[drift] player 6934 overallCurrent 55 -> 56
[drift] player 6944 overallCurrent 54 -> 55
[drift] player 6945 overallCurrent 75 -> 76
[drift] player 6947 overallCurrent 76 -> 75
[drift] player 6952 overallCurrent 64 -> 65
[drift] player 6960 overallCurrent 66 -> 67
[drift] player 6962 overallCurrent 76 -> 77
[drift] player 7275 overallCurrent 79 -> 80
[drift] player 7285 overallCurrent 61 -> 62
[drift] player 7328 overallCurrent 54 -> 55
[drift] player 7332 overallCurrent 82 -> 83
[drift] player 7339 overallCurrent 53 -> 54
[drift] player 7343 overallCurrent 53 -> 54
[drift] player 7347 overallCurrent 88 -> 89
[drift] player 7349 overallCurrent 60 -> 61
[drift] player 7351 overallCurrent 55 -> 56
[drift] player 7359 overallCurrent 91 -> 90
[drift] player 7369 overallCurrent 76 -> 75
[drift] player 7371 overallCurrent 63 -> 64
[drift] player 7375 overallCurrent 80 -> 81
[drift] player 7380 overallCurrent 52 -> 53
[drift] player 7382 overallCurrent 54 -> 55
[drift] player 7383 overallCurrent 64 -> 65
[drift] player 7389 overallCurrent 53 -> 54
[drift] player 7391 overallCurrent 65 -> 66
[drift] player 7392 overallCurrent 52 -> 53
[drift] player 7393 overallCurrent 54 -> 55
[drift] player 7399 overallCurrent 55 -> 56
[drift] player 7400 overallCurrent 53 -> 54
[drift] player 7401 overallCurrent 59 -> 60
[drift] player 7403 overallCurrent 51 -> 52
[drift] player 7404 overallCurrent 54 -> 55
[drift] player 7408 overallCurrent 53 -> 54
[drift] player 7409 overallCurrent 85 -> 86
[drift] player 7410 overallCurrent 60 -> 61
[drift] player 7413 overallCurrent 53 -> 54
[drift] player 7415 overallCurrent 63 -> 64
[drift] player 7418 overallCurrent 80 -> 79
[drift] player 7419 overallCurrent 52 -> 53
[drift] player 7420 overallCurrent 54 -> 55
[drift] player 7421 overallCurrent 65 -> 66
[drift] player 7422 overallCurrent 54 -> 55
[drift] player 7424 overallCurrent 67 -> 68
[drift] player 7428 overallCurrent 53 -> 54
[drift] player 7430 overallCurrent 52 -> 53
[drift] player 7432 overallCurrent 54 -> 55
[drift] player 7433 overallCurrent 78 -> 79
[drift] player 7435 overallCurrent 64 -> 65
[drift] player 7437 overallCurrent 51 -> 52
[drift] player 7439 overallCurrent 52 -> 53
[drift] player 7440 overallCurrent 53 -> 54
[drift] player 7442 overallCurrent 51 -> 52
[drift] player 7447 overallCurrent 67 -> 68
[drift] player 7448 overallCurrent 63 -> 62
[drift] player 7450 overallCurrent 56 -> 57
[drift] player 7458 overallCurrent 52 -> 53
[drift] player 7460 overallCurrent 64 -> 65
[drift] player 7462 overallCurrent 65 -> 66
[drift] player 7463 overallCurrent 59 -> 60
[drift] player 7464 overallCurrent 54 -> 55
[drift] player 7466 overallCurrent 52 -> 53
[drift] player 7468 overallCurrent 55 -> 56
[drift] player 7470 overallCurrent 57 -> 58
[drift] player 7471 overallCurrent 53 -> 54
[drift] player 7479 overallCurrent 66 -> 65
[drift] player 7482 overallCurrent 78 -> 79
[drift] player 7483 overallCurrent 64 -> 63
[drift] player 7485 overallCurrent 55 -> 56
[drift] player 7490 overallCurrent 53 -> 54
[drift] player 7491 overallCurrent 54 -> 55
[drift] player 7492 overallCurrent 53 -> 54
[drift] player 7493 overallCurrent 54 -> 55
[drift] player 7495 overallCurrent 53 -> 54
[drift] player 7496 overallCurrent 59 -> 60
[drift] player 7498 overallCurrent 55 -> 56
[drift] player 7499 overallCurrent 64 -> 65
[drift] player 7501 overallCurrent 65 -> 64
[drift] player 7502 overallCurrent 63 -> 64
[drift] player 7506 overallCurrent 60 -> 61
[drift] player 7507 overallCurrent 53 -> 54
[drift] player 7509 overallCurrent 62 -> 61
[drift] player 7510 overallCurrent 65 -> 66
[drift] player 7513 overallCurrent 51 -> 52
[drift] player 7514 overallCurrent 66 -> 67
[drift] player 7515 overallCurrent 53 -> 54
[drift] player 7516 overallCurrent 55 -> 56
[drift] player 7518 overallCurrent 64 -> 63
[drift] player 7521 overallCurrent 72 -> 71
[drift] player 7533 overallCurrent 66 -> 65
[drift] player 7537 overallCurrent 55 -> 56
[drift] player 7539 overallCurrent 52 -> 53
[drift] player 7540 overallCurrent 54 -> 55
[drift] player 7546 overallCurrent 52 -> 53
[drift] player 7548 overallCurrent 53 -> 54
[drift] player 7549 overallCurrent 51 -> 52
[drift] player 7550 overallCurrent 52 -> 53
[drift] player 7552 overallCurrent 54 -> 55
[drift] player 7555 overallCurrent 66 -> 67
[drift] player 7558 overallCurrent 65 -> 66
[drift] player 7559 overallCurrent 65 -> 66
[drift] player 7560 overallCurrent 52 -> 53
[drift] player 7563 overallCurrent 51 -> 52
[drift] player 7564 overallCurrent 65 -> 66
[drift] player 7566 overallCurrent 53 -> 54
[drift] player 7568 overallCurrent 63 -> 64
[drift] player 7570 overallCurrent 52 -> 53
[drift] player 7574 overallCurrent 64 -> 63
[drift] player 7575 overallCurrent 74 -> 73
[drift] player 7576 overallCurrent 52 -> 53
[drift] player 7580 overallCurrent 52 -> 53
[drift] player 7581 overallCurrent 53 -> 54
[drift] player 7582 overallCurrent 65 -> 66
[drift] player 7583 overallCurrent 54 -> 55
[drift] player 7585 overallCurrent 63 -> 64
[drift] player 7587 overallCurrent 63 -> 64
[drift] player 7588 overallCurrent 51 -> 52
[drift] player 7589 overallCurrent 89 -> 88
[drift] player 7590 overallCurrent 59 -> 60
[drift] player 7592 overallCurrent 53 -> 54
[drift] player 7595 overallCurrent 67 -> 68
[drift] player 7596 overallCurrent 61 -> 62
[drift] player 7597 overallCurrent 53 -> 54
[drift] player 7599 overallCurrent 69 -> 70
[drift] player 7602 overallCurrent 67 -> 66
[drift] player 7604 overallCurrent 53 -> 54
[drift] player 7605 overallCurrent 76 -> 77
[drift] player 7606 overallCurrent 53 -> 54
[drift] player 7608 overallCurrent 85 -> 86
[drift] player 7610 overallCurrent 58 -> 59
[drift] player 7614 overallCurrent 52 -> 53
[drift] player 7616 overallCurrent 54 -> 55
[drift] player 7621 overallCurrent 57 -> 58
[drift] player 7622 overallCurrent 51 -> 52
[drift] player 7628 overallCurrent 52 -> 53
[drift] player 7629 overallCurrent 52 -> 53
[drift] player 7633 overallCurrent 55 -> 56
[drift] player 7636 overallCurrent 53 -> 54
[drift] player 7637 overallCurrent 55 -> 56
[drift] player 7646 overallCurrent 52 -> 53
[drift] player 7647 overallCurrent 92 -> 91
[drift] player 7649 overallCurrent 53 -> 54
[drift] player 7650 overallCurrent 83 -> 82
[drift] player 7651 overallCurrent 53 -> 54
[drift] player 7653 overallCurrent 61 -> 62
[drift] player 7655 overallCurrent 54 -> 55
[drift] player 7659 overallCurrent 52 -> 53
[drift] player 7662 overallCurrent 55 -> 56
[drift] player 7665 overallCurrent 63 -> 64
[drift] player 7666 overallCurrent 53 -> 54
[drift] player 7669 overallCurrent 53 -> 54
[drift] player 7670 overallCurrent 66 -> 67
[drift] player 7671 overallCurrent 85 -> 84
[drift] player 7672 overallCurrent 60 -> 61
[drift] player 7676 overallCurrent 53 -> 54
[drift] player 7678 overallCurrent 61 -> 60
[drift] player 7679 overallCurrent 53 -> 54
[drift] player 7680 overallCurrent 53 -> 54
[drift] player 7681 overallCurrent 53 -> 54
[drift] player 7682 overallCurrent 55 -> 56
[drift] player 7683 overallCurrent 79 -> 80
[drift] player 7686 overallCurrent 51 -> 52
[drift] player 7687 overallCurrent 53 -> 54
[drift] player 7688 overallCurrent 74 -> 75
[drift] player 7691 overallCurrent 64 -> 65
[drift] player 7694 overallCurrent 54 -> 55
[drift] player 7695 overallCurrent 62 -> 63
[drift] player 7698 overallCurrent 66 -> 67
[drift] player 7699 overallCurrent 87 -> 86
[drift] player 7700 overallCurrent 66 -> 65
[drift] player 7703 overallCurrent 66 -> 67
[drift] player 7704 overallCurrent 52 -> 53
[drift] player 7705 overallCurrent 53 -> 54
[drift] player 7707 overallCurrent 54 -> 55
[drift] player 7708 overallCurrent 52 -> 53
[drift] player 7709 overallCurrent 52 -> 53
[drift] player 7711 overallCurrent 53 -> 54
[drift] player 7713 overallCurrent 53 -> 54
[drift] player 7715 overallCurrent 54 -> 55
[drift] player 7718 overallCurrent 66 -> 67
[drift] player 7721 overallCurrent 53 -> 54
[drift] player 7722 overallCurrent 60 -> 61
[drift] player 7723 overallCurrent 52 -> 53
[drift] player 7724 overallCurrent 63 -> 64
[drift] player 7725 overallCurrent 53 -> 54
[drift] player 7726 overallCurrent 60 -> 61
[drift] player 7727 overallCurrent 60 -> 61
[drift] player 7729 overallCurrent 53 -> 54
[drift] player 7732 overallCurrent 81 -> 82
[drift] player 7735 overallCurrent 53 -> 54
[drift] player 7736 overallCurrent 81 -> 82
[drift] player 7740 overallCurrent 60 -> 61
[drift] player 7742 overallCurrent 53 -> 54
[drift] player 7746 overallCurrent 52 -> 53
[drift] player 7748 overallCurrent 65 -> 66
[drift] player 7750 overallCurrent 57 -> 58
[drift] player 7751 overallCurrent 53 -> 54
[drift] player 7752 overallCurrent 52 -> 53
[drift] player 7753 overallCurrent 53 -> 54
[drift] player 7754 overallCurrent 52 -> 53
[drift] player 7756 overallCurrent 63 -> 62
[training] applied daily plans: 8
[drift] player 6584 overallCurrent 54 -> 55
[drift] player 6590 overallCurrent 84 -> 85
[drift] player 6600 overallCurrent 67 -> 68
[drift] player 6609 overallCurrent 54 -> 55
[drift] player 6632 overallCurrent 54 -> 55
[drift] player 6633 overallCurrent 96 -> 97
[drift] player 6634 overallCurrent 71 -> 72
[drift] player 6641 overallCurrent 53 -> 54
[drift] player 6651 overallCurrent 63 -> 62
[drift] player 6655 overallCurrent 54 -> 55
[drift] player 6657 overallCurrent 79 -> 80
[drift] player 6659 overallCurrent 63 -> 64
[drift] player 6661 overallCurrent 60 -> 61
[drift] player 6686 overallCurrent 64 -> 62
[drift] player 6687 overallCurrent 90 -> 89
[drift] player 6689 overallCurrent 64 -> 65
[drift] player 6709 overallCurrent 52 -> 53
[drift] player 6711 overallCurrent 81 -> 82
[drift] player 6712 overallCurrent 95 -> 96
[drift] player 6719 overallCurrent 54 -> 55
[drift] player 6730 overallCurrent 53 -> 54
[drift] player 6744 overallCurrent 64 -> 65
[drift] player 6750 overallCurrent 55 -> 56
[drift] player 6754 overallCurrent 69 -> 70
[drift] player 6757 overallCurrent 76 -> 75
[drift] player 6768 overallCurrent 54 -> 55
[drift] player 6772 overallCurrent 68 -> 69
[drift] player 6793 overallCurrent 63 -> 64
[drift] player 6798 overallCurrent 52 -> 53
[drift] player 6803 overallCurrent 92 -> 91
[drift] player 6822 overallCurrent 65 -> 64
[drift] player 6829 overallCurrent 54 -> 55
[drift] player 6833 overallCurrent 70 -> 71
[drift] player 6840 overallCurrent 73 -> 74
[drift] player 6849 overallCurrent 55 -> 56
[drift] player 6855 overallCurrent 52 -> 53
[drift] player 6869 overallCurrent 95 -> 96
[drift] player 6885 overallCurrent 64 -> 65
[drift] player 6886 overallCurrent 68 -> 69
[drift] player 6892 overallCurrent 64 -> 63
[drift] player 6908 overallCurrent 64 -> 65
[drift] player 6919 overallCurrent 93 -> 94
[drift] player 6929 overallCurrent 55 -> 56
[drift] player 6947 overallCurrent 75 -> 76
[drift] player 6965 overallCurrent 80 -> 81
[drift] player 7277 overallCurrent 53 -> 54
[drift] player 7287 overallCurrent 53 -> 54
[drift] player 7296 overallCurrent 53 -> 54
[drift] player 7302 overallCurrent 53 -> 54
[drift] player 7310 overallCurrent 65 -> 66
[drift] player 7312 overallCurrent 52 -> 53
[drift] player 7323 overallCurrent 80 -> 81
[drift] player 7330 overallCurrent 52 -> 53
[drift] player 7345 overallCurrent 64 -> 65
[drift] player 7349 overallCurrent 61 -> 60
[drift] player 7355 overallCurrent 53 -> 54
[drift] player 7359 overallCurrent 90 -> 91
[drift] player 7369 overallCurrent 75 -> 76
[drift] player 7373 overallCurrent 56 -> 57
[drift] player 7374 overallCurrent 52 -> 53
[drift] player 7375 overallCurrent 81 -> 80
[drift] player 7378 overallCurrent 59 -> 60
[drift] player 7379 overallCurrent 52 -> 53
[drift] player 7391 overallCurrent 66 -> 65
[drift] player 7394 overallCurrent 68 -> 67
[drift] player 7395 overallCurrent 60 -> 61
[drift] player 7397 overallCurrent 55 -> 56
[drift] player 7398 overallCurrent 54 -> 55
[drift] player 7405 overallCurrent 54 -> 55
[drift] player 7406 overallCurrent 52 -> 53
[drift] player 7407 overallCurrent 84 -> 85
[drift] player 7411 overallCurrent 53 -> 54
[drift] player 7412 overallCurrent 55 -> 56
[drift] player 7417 overallCurrent 52 -> 53
[drift] player 7418 overallCurrent 79 -> 80
[drift] player 7421 overallCurrent 66 -> 65
[drift] player 7425 overallCurrent 52 -> 53
[drift] player 7427 overallCurrent 56 -> 57
[drift] player 7429 overallCurrent 68 -> 69
[drift] player 7431 overallCurrent 55 -> 56
[drift] player 7433 overallCurrent 79 -> 78
[drift] player 7435 overallCurrent 65 -> 64
[drift] player 7444 overallCurrent 55 -> 56
[drift] player 7445 overallCurrent 55 -> 56
[drift] player 7447 overallCurrent 68 -> 67
[drift] player 7448 overallCurrent 62 -> 63
[drift] player 7449 overallCurrent 99 -> 98
[drift] player 7451 overallCurrent 82 -> 83
[drift] player 7452 overallCurrent 56 -> 57
[drift] player 7455 overallCurrent 56 -> 57
[drift] player 7456 overallCurrent 64 -> 65
[drift] player 7461 overallCurrent 63 -> 64
[drift] player 7467 overallCurrent 64 -> 65
[drift] player 7469 overallCurrent 54 -> 55
[drift] player 7472 overallCurrent 66 -> 67
[drift] player 7473 overallCurrent 56 -> 57
[drift] player 7477 overallCurrent 52 -> 53
[drift] player 7480 overallCurrent 54 -> 55
[drift] player 7481 overallCurrent 55 -> 56
[drift] player 7482 overallCurrent 79 -> 78
[drift] player 7484 overallCurrent 53 -> 54
[drift] player 7487 overallCurrent 61 -> 62
[drift] player 7488 overallCurrent 60 -> 61
[drift] player 7489 overallCurrent 67 -> 68
[drift] player 7494 overallCurrent 79 -> 80
[drift] player 7497 overallCurrent 52 -> 53
[drift] player 7501 overallCurrent 64 -> 65
[drift] player 7502 overallCurrent 64 -> 63
[drift] player 7504 overallCurrent 66 -> 67
[drift] player 7505 overallCurrent 53 -> 54
[drift] player 7506 overallCurrent 61 -> 60
[drift] player 7508 overallCurrent 54 -> 55
[drift] player 7512 overallCurrent 64 -> 65
[drift] player 7514 overallCurrent 67 -> 66
[drift] player 7519 overallCurrent 52 -> 53
[drift] player 7520 overallCurrent 55 -> 56
[drift] player 7523 overallCurrent 53 -> 54
[drift] player 7526 overallCurrent 63 -> 64
[drift] player 7530 overallCurrent 54 -> 55
[drift] player 7531 overallCurrent 54 -> 55
[drift] player 7535 overallCurrent 54 -> 55
[drift] player 7541 overallCurrent 75 -> 76
[drift] player 7542 overallCurrent 55 -> 56
[drift] player 7543 overallCurrent 52 -> 53
[drift] player 7544 overallCurrent 58 -> 59
[drift] player 7545 overallCurrent 53 -> 54
[drift] player 7553 overallCurrent 52 -> 53
[drift] player 7554 overallCurrent 55 -> 56
[drift] player 7555 overallCurrent 67 -> 66
[drift] player 7557 overallCurrent 53 -> 54
[drift] player 7559 overallCurrent 66 -> 65
[drift] player 7561 overallCurrent 79 -> 78
[drift] player 7564 overallCurrent 66 -> 65
[drift] player 7565 overallCurrent 64 -> 65
[drift] player 7567 overallCurrent 54 -> 55
[drift] player 7569 overallCurrent 54 -> 55
[drift] player 7572 overallCurrent 59 -> 60
[drift] player 7573 overallCurrent 53 -> 54
[drift] player 7574 overallCurrent 63 -> 62
[drift] player 7575 overallCurrent 73 -> 74
[drift] player 7577 overallCurrent 55 -> 56
[drift] player 7578 overallCurrent 54 -> 55
[drift] player 7579 overallCurrent 53 -> 54
[drift] player 7586 overallCurrent 54 -> 55
[drift] player 7587 overallCurrent 64 -> 63
[drift] player 7589 overallCurrent 88 -> 89
[drift] player 7591 overallCurrent 54 -> 55
[drift] player 7593 overallCurrent 78 -> 79
[drift] player 7600 overallCurrent 53 -> 54
[drift] player 7605 overallCurrent 77 -> 76
[drift] player 7608 overallCurrent 86 -> 85
[drift] player 7611 overallCurrent 55 -> 56
[drift] player 7612 overallCurrent 55 -> 56
[drift] player 7615 overallCurrent 58 -> 59
[drift] player 7618 overallCurrent 55 -> 56
[drift] player 7619 overallCurrent 60 -> 61
[drift] player 7623 overallCurrent 61 -> 62
[drift] player 7624 overallCurrent 52 -> 53
[drift] player 7625 overallCurrent 53 -> 54
[drift] player 7626 overallCurrent 54 -> 55
[drift] player 7627 overallCurrent 52 -> 53
[drift] player 7630 overallCurrent 51 -> 52
[drift] player 7632 overallCurrent 54 -> 55
[drift] player 7638 overallCurrent 54 -> 55
[drift] player 7640 overallCurrent 54 -> 55
[drift] player 7641 overallCurrent 53 -> 54
[drift] player 7645 overallCurrent 54 -> 55
[drift] player 7647 overallCurrent 91 -> 90
[drift] player 7650 overallCurrent 82 -> 83
[drift] player 7652 overallCurrent 52 -> 53
[drift] player 7654 overallCurrent 53 -> 54
[drift] player 7656 overallCurrent 53 -> 54
[drift] player 7660 overallCurrent 54 -> 55
[drift] player 7661 overallCurrent 65 -> 66
[drift] player 7664 overallCurrent 52 -> 53
[drift] player 7667 overallCurrent 54 -> 55
[drift] player 7668 overallCurrent 55 -> 56
[drift] player 7670 overallCurrent 67 -> 66
[drift] player 7671 overallCurrent 84 -> 85
[drift] player 7673 overallCurrent 52 -> 53
[drift] player 7677 overallCurrent 53 -> 54
[drift] player 7678 overallCurrent 60 -> 61
[drift] player 7685 overallCurrent 54 -> 55
[drift] player 7688 overallCurrent 75 -> 74
[drift] player 7689 overallCurrent 53 -> 54
[drift] player 7692 overallCurrent 54 -> 55
[drift] player 7696 overallCurrent 54 -> 55
[drift] player 7697 overallCurrent 51 -> 52
[drift] player 7699 overallCurrent 86 -> 87
[drift] player 7700 overallCurrent 65 -> 66
[drift] player 7701 overallCurrent 52 -> 53
[drift] player 7712 overallCurrent 79 -> 80
[drift] player 7717 overallCurrent 53 -> 54
[drift] player 7720 overallCurrent 54 -> 55
[drift] player 7722 overallCurrent 61 -> 60
[drift] player 7730 overallCurrent 55 -> 56
[drift] player 7731 overallCurrent 52 -> 53
[drift] player 7732 overallCurrent 82 -> 81
[drift] player 7733 overallCurrent 54 -> 55
[drift] player 7737 overallCurrent 53 -> 54
[drift] player 7739 overallCurrent 51 -> 52
[drift] player 7741 overallCurrent 52 -> 53
[drift] player 7743 overallCurrent 75 -> 74
[drift] player 7744 overallCurrent 60 -> 61
[drift] player 7755 overallCurrent 52 -> 53
[drift] player 7756 overallCurrent 62 -> 63
^C